62206:C 25 May 21:33:05.867 # Warning: no config file specified, using the default config. In order to specify a config file use redis-server /path/to/redis.conf
62206:M 25 May 21:33:05.872 * Increased maximum number of open files to 10032 (it was originally set to 256).
                _._                                                  
           _.-``__ ''-._                                             
      _.-``    `.  `_.  ''-._           Redis 3.0.5 (00000000/0) 64 bit
  .-`` .-```.  ```\/    _.,_ ''-._                                   
 (    '      ,       .-`  | `,    )     Running in standalone mode
 |`-._`-...-` __...-.``-._|'` _.-'|     Port: 6379
 |    `-._   `._    /     _.-'    |     PID: 62206
  `-._    `-._  `-./  _.-'    _.-'                                   
 |`-._`-._    `-.__.-'    _.-'_.-'|                                  
 |    `-._`-._        _.-'_.-'    |           http://redis.io        
  `-._    `-._`-.__.-'_.-'    _.-'                                   
 |`-._`-._    `-.__.-'    _.-'_.-'|                                  
 |    `-._`-._        _.-'_.-'    |                                  
  `-._    `-._`-.__.-'_.-'    _.-'                                   
      `-._    `-.__.-'    _.-'                                       
          `-._        _.-'                                           
              `-.__.-'                                               

62206:M 25 May 21:33:05.879 # Server started, Redis version 3.0.5
62206:M 25 May 21:33:05.882 * DB loaded from disk: 0.004 seconds
62206:M 25 May 21:33:05.882 * The server is now ready to accept connections on port 6379
62206:M 25 May 21:38:06.020 * 100 changes in 300 seconds. Saving...
62206:M 25 May 21:38:06.020 * Background saving started by pid 62665
62665:C 25 May 21:38:06.039 * DB saved on disk
62206:M 25 May 21:38:06.121 * Background saving terminated with success
62206:M 25 May 21:43:07.063 * 100 changes in 300 seconds. Saving...
62206:M 25 May 21:43:07.071 * Background saving started by pid 62952
62952:C 25 May 21:43:07.077 * DB saved on disk
62206:M 25 May 21:43:07.172 * Background saving terminated with success
62206:M 25 May 21:48:08.092 * 100 changes in 300 seconds. Saving...
62206:M 25 May 21:48:08.100 * Background saving started by pid 63296
63296:C 25 May 21:48:08.104 * DB saved on disk
62206:M 25 May 21:48:08.203 * Background saving terminated with success
62206:M 25 May 21:53:09.007 * 100 changes in 300 seconds. Saving...
62206:M 25 May 21:53:09.015 * Background saving started by pid 63473
63473:C 25 May 21:53:09.021 * DB saved on disk
62206:M 25 May 21:53:09.117 * Background saving terminated with success
62206:M 25 May 21:58:10.085 * 100 changes in 300 seconds. Saving...
62206:M 25 May 21:58:10.093 * Background saving started by pid 63586
63586:C 25 May 21:58:10.097 * DB saved on disk
62206:M 25 May 21:58:10.197 * Background saving terminated with success
62206:M 25 May 22:03:11.068 * 100 changes in 300 seconds. Saving...
62206:M 25 May 22:03:11.075 * Background saving started by pid 63701
63701:C 25 May 22:03:11.081 * DB saved on disk
62206:M 25 May 22:03:11.178 * Background saving terminated with success
62206:M 25 May 22:08:12.007 * 100 changes in 300 seconds. Saving...
62206:M 25 May 22:08:12.008 * Background saving started by pid 63943
63943:C 25 May 22:08:12.012 * DB saved on disk
62206:M 25 May 22:08:12.108 * Background saving terminated with success
62206:M 25 May 22:13:13.074 * 100 changes in 300 seconds. Saving...
62206:M 25 May 22:13:13.082 * Background saving started by pid 64092
64092:C 25 May 22:13:13.087 * DB saved on disk
62206:M 25 May 22:13:13.182 * Background saving terminated with success
62206:M 25 May 22:29:02.529 * 100 changes in 300 seconds. Saving...
62206:M 25 May 22:29:02.531 * Background saving started by pid 64116
64116:C 25 May 22:29:02.535 * DB saved on disk
62206:M 25 May 22:29:02.635 * Background saving terminated with success
62206:M 25 May 22:34:03.098 * 100 changes in 300 seconds. Saving...
62206:M 25 May 22:34:03.098 * Background saving started by pid 64271
64271:C 25 May 22:34:03.109 * DB saved on disk
62206:M 25 May 22:34:03.199 * Background saving terminated with success
62206:M 25 May 22:39:55.057 * 100 changes in 300 seconds. Saving...
62206:M 25 May 22:39:55.553 * Background saving started by pid 64353
64353:C 25 May 22:39:55.739 * DB saved on disk
62206:M 25 May 22:39:55.760 * Background saving terminated with success
62206:M 25 May 22:44:56.089 * 100 changes in 300 seconds. Saving...
62206:M 25 May 22:44:56.097 * Background saving started by pid 64508
64508:C 25 May 22:44:56.104 * DB saved on disk
62206:M 25 May 22:44:56.198 * Background saving terminated with success
62206:M 25 May 22:49:57.084 * 100 changes in 300 seconds. Saving...
62206:M 25 May 22:49:57.092 * Background saving started by pid 64694
64694:C 25 May 22:49:57.098 * DB saved on disk
62206:M 25 May 22:49:57.196 * Background saving terminated with success
62206:M 25 May 22:54:58.003 * 100 changes in 300 seconds. Saving...
62206:M 25 May 22:54:58.003 * Background saving started by pid 64811
64811:C 25 May 22:54:58.008 * DB saved on disk
62206:M 25 May 22:54:58.108 * Background saving terminated with success
62206:M 25 May 22:59:59.017 * 100 changes in 300 seconds. Saving...
62206:M 25 May 22:59:59.017 * Background saving started by pid 64926
64926:C 25 May 22:59:59.022 * DB saved on disk
62206:M 25 May 22:59:59.118 * Background saving terminated with success
62206:M 25 May 23:05:00.095 * 100 changes in 300 seconds. Saving...
62206:M 25 May 23:05:00.096 * Background saving started by pid 65259
65259:C 25 May 23:05:00.106 * DB saved on disk
62206:M 25 May 23:05:00.202 * Background saving terminated with success
62206:M 25 May 23:10:01.101 * 100 changes in 300 seconds. Saving...
62206:M 25 May 23:10:01.108 * Background saving started by pid 65463
65463:C 25 May 23:10:01.112 * DB saved on disk
62206:M 25 May 23:10:01.210 * Background saving terminated with success
62206:M 25 May 23:15:02.087 * 100 changes in 300 seconds. Saving...
62206:M 25 May 23:15:02.088 * Background saving started by pid 65568
65568:C 25 May 23:15:02.092 * DB saved on disk
62206:M 25 May 23:15:02.191 * Background saving terminated with success
62206:M 25 May 23:20:03.013 * 100 changes in 300 seconds. Saving...
62206:M 25 May 23:20:03.021 * Background saving started by pid 65673
65673:C 25 May 23:20:03.026 * DB saved on disk
62206:M 25 May 23:20:03.122 * Background saving terminated with success
62206:M 25 May 23:25:04.037 * 100 changes in 300 seconds. Saving...
62206:M 25 May 23:25:04.045 * Background saving started by pid 65776
65776:C 25 May 23:25:04.050 * DB saved on disk
62206:M 25 May 23:25:04.145 * Background saving terminated with success
62206:M 25 May 23:30:05.015 * 100 changes in 300 seconds. Saving...
62206:M 25 May 23:30:05.024 * Background saving started by pid 65897
65897:C 25 May 23:30:05.034 * DB saved on disk
62206:M 25 May 23:30:05.125 * Background saving terminated with success
62206:M 25 May 23:35:41.020 * 100 changes in 300 seconds. Saving...
62206:M 25 May 23:35:41.565 * Background saving started by pid 65955
65955:C 25 May 23:35:41.602 * DB saved on disk
62206:M 25 May 23:35:41.665 * Background saving terminated with success
62206:M 25 May 23:40:42.033 * 100 changes in 300 seconds. Saving...
62206:M 25 May 23:40:42.035 * Background saving started by pid 66078
66078:C 25 May 23:40:42.046 * DB saved on disk
62206:M 25 May 23:40:42.140 * Background saving terminated with success
62206:M 25 May 23:45:43.051 * 100 changes in 300 seconds. Saving...
62206:M 25 May 23:45:43.059 * Background saving started by pid 66197
66197:C 25 May 23:45:43.066 * DB saved on disk
62206:M 25 May 23:45:43.163 * Background saving terminated with success
62206:M 25 May 23:50:44.071 * 100 changes in 300 seconds. Saving...
62206:M 25 May 23:50:44.079 * Background saving started by pid 66355
66355:C 25 May 23:50:44.085 * DB saved on disk
62206:M 25 May 23:50:44.179 * Background saving terminated with success
62206:M 25 May 23:55:45.041 * 100 changes in 300 seconds. Saving...
62206:M 25 May 23:55:45.048 * Background saving started by pid 66476
66476:C 25 May 23:55:45.052 * DB saved on disk
62206:M 25 May 23:55:45.152 * Background saving terminated with success
62206:M 26 May 13:20:02.259 * 1 changes in 3600 seconds. Saving...
62206:M 26 May 13:20:02.260 * Background saving started by pid 74502
74502:C 26 May 13:20:02.266 * DB saved on disk
62206:M 26 May 13:20:02.366 * Background saving terminated with success
62206:M 26 May 13:25:03.065 * 100 changes in 300 seconds. Saving...
62206:M 26 May 13:25:03.073 * Background saving started by pid 74621
74621:C 26 May 13:25:03.078 * DB saved on disk
62206:M 26 May 13:25:03.174 * Background saving terminated with success
62206:M 26 May 13:30:04.075 * 100 changes in 300 seconds. Saving...
62206:M 26 May 13:30:04.076 * Background saving started by pid 74801
74801:C 26 May 13:30:04.090 * DB saved on disk
62206:M 26 May 13:30:04.181 * Background saving terminated with success
62206:M 26 May 13:35:05.021 * 100 changes in 300 seconds. Saving...
62206:M 26 May 13:35:05.022 * Background saving started by pid 74969
74969:C 26 May 13:35:05.033 * DB saved on disk
62206:M 26 May 13:35:05.123 * Background saving terminated with success
62206:M 26 May 13:40:06.047 * 100 changes in 300 seconds. Saving...
62206:M 26 May 13:40:06.047 * Background saving started by pid 75263
75263:C 26 May 13:40:06.055 * DB saved on disk
62206:M 26 May 13:40:06.148 * Background saving terminated with success
62206:M 26 May 13:45:07.014 * 100 changes in 300 seconds. Saving...
62206:M 26 May 13:45:07.015 * Background saving started by pid 75418
75418:C 26 May 13:45:07.027 * DB saved on disk
62206:M 26 May 13:45:07.116 * Background saving terminated with success
62206:M 26 May 13:50:08.072 * 100 changes in 300 seconds. Saving...
62206:M 26 May 13:50:08.073 * Background saving started by pid 75533
75533:C 26 May 13:50:08.079 * DB saved on disk
62206:M 26 May 13:50:08.178 * Background saving terminated with success
62206:M 26 May 13:55:09.074 * 100 changes in 300 seconds. Saving...
62206:M 26 May 13:55:09.074 * Background saving started by pid 75638
75638:C 26 May 13:55:09.087 * DB saved on disk
62206:M 26 May 13:55:09.175 * Background saving terminated with success
62206:M 26 May 14:00:10.089 * 100 changes in 300 seconds. Saving...
62206:M 26 May 14:00:10.089 * Background saving started by pid 75784
75784:C 26 May 14:00:10.100 * DB saved on disk
62206:M 26 May 14:00:10.194 * Background saving terminated with success
62206:M 26 May 14:05:11.056 * 100 changes in 300 seconds. Saving...
62206:M 26 May 14:05:11.057 * Background saving started by pid 75939
75939:C 26 May 14:05:11.067 * DB saved on disk
62206:M 26 May 14:05:11.157 * Background saving terminated with success
62206:M 26 May 14:10:12.026 * 100 changes in 300 seconds. Saving...
62206:M 26 May 14:10:12.027 * Background saving started by pid 76292
76292:C 26 May 14:10:12.040 * DB saved on disk
62206:M 26 May 14:10:12.127 * Background saving terminated with success
62206:M 26 May 14:15:13.043 * 100 changes in 300 seconds. Saving...
62206:M 26 May 14:15:13.043 * Background saving started by pid 76610
76610:C 26 May 14:15:13.055 * DB saved on disk
62206:M 26 May 14:15:13.146 * Background saving terminated with success
62206:M 26 May 14:20:14.017 * 100 changes in 300 seconds. Saving...
62206:M 26 May 14:20:14.018 * Background saving started by pid 76948
76948:C 26 May 14:20:14.029 * DB saved on disk
62206:M 26 May 14:20:14.118 * Background saving terminated with success
62206:M 26 May 14:25:15.080 * 100 changes in 300 seconds. Saving...
62206:M 26 May 14:25:15.081 * Background saving started by pid 77222
77222:C 26 May 14:25:15.093 * DB saved on disk
62206:M 26 May 14:25:15.181 * Background saving terminated with success
62206:M 26 May 14:30:16.011 * 100 changes in 300 seconds. Saving...
62206:M 26 May 14:30:16.012 * Background saving started by pid 77500
77500:C 26 May 14:30:16.025 * DB saved on disk
62206:M 26 May 14:30:16.113 * Background saving terminated with success
62206:M 26 May 14:35:17.081 * 100 changes in 300 seconds. Saving...
62206:M 26 May 14:35:17.082 * Background saving started by pid 77690
77690:C 26 May 14:35:17.093 * DB saved on disk
62206:M 26 May 14:35:17.182 * Background saving terminated with success
62206:M 26 May 14:40:18.032 * 100 changes in 300 seconds. Saving...
62206:M 26 May 14:40:18.040 * Background saving started by pid 77870
77870:C 26 May 14:40:18.043 * DB saved on disk
62206:M 26 May 14:40:18.141 * Background saving terminated with success
62206:M 26 May 14:45:19.012 * 100 changes in 300 seconds. Saving...
62206:M 26 May 14:45:19.014 * Background saving started by pid 78088
78088:C 26 May 14:45:19.027 * DB saved on disk
62206:M 26 May 14:45:19.117 * Background saving terminated with success
62206:M 26 May 14:50:20.029 * 100 changes in 300 seconds. Saving...
62206:M 26 May 14:50:20.030 * Background saving started by pid 78338
78338:C 26 May 14:50:20.038 * DB saved on disk
62206:M 26 May 14:50:20.131 * Background saving terminated with success
62206:M 26 May 14:55:21.077 * 100 changes in 300 seconds. Saving...
62206:M 26 May 14:55:21.083 * Background saving started by pid 78520
78520:C 26 May 14:55:21.131 * DB saved on disk
62206:M 26 May 14:55:21.188 * Background saving terminated with success
62206:M 26 May 15:00:22.070 * 100 changes in 300 seconds. Saving...
62206:M 26 May 15:00:22.070 * Background saving started by pid 78677
78677:C 26 May 15:00:22.084 * DB saved on disk
62206:M 26 May 15:00:22.171 * Background saving terminated with success
62206:M 26 May 15:05:23.014 * 100 changes in 300 seconds. Saving...
62206:M 26 May 15:05:23.014 * Background saving started by pid 78819
78819:C 26 May 15:05:23.029 * DB saved on disk
62206:M 26 May 15:05:23.115 * Background saving terminated with success
62206:M 26 May 15:10:24.099 * 100 changes in 300 seconds. Saving...
62206:M 26 May 15:10:24.099 * Background saving started by pid 79113
79113:C 26 May 15:10:24.104 * DB saved on disk
62206:M 26 May 15:10:24.202 * Background saving terminated with success
62206:M 26 May 15:15:25.022 * 100 changes in 300 seconds. Saving...
62206:M 26 May 15:15:25.022 * Background saving started by pid 79333
79333:C 26 May 15:15:25.034 * DB saved on disk
62206:M 26 May 15:15:25.123 * Background saving terminated with success
62206:M 26 May 15:20:26.075 * 100 changes in 300 seconds. Saving...
62206:M 26 May 15:20:26.075 * Background saving started by pid 79511
79511:C 26 May 15:20:26.079 * DB saved on disk
62206:M 26 May 15:20:26.178 * Background saving terminated with success
62206:M 26 May 15:25:27.102 * 100 changes in 300 seconds. Saving...
62206:M 26 May 15:25:27.104 * Background saving started by pid 79792
79792:C 26 May 15:25:27.120 * DB saved on disk
62206:M 26 May 15:25:27.205 * Background saving terminated with success
62206:M 26 May 15:30:28.091 * 100 changes in 300 seconds. Saving...
62206:M 26 May 15:30:28.094 * Background saving started by pid 79991
79991:C 26 May 15:30:28.116 * DB saved on disk
62206:M 26 May 15:30:28.196 * Background saving terminated with success
62206:M 26 May 15:35:29.054 * 100 changes in 300 seconds. Saving...
62206:M 26 May 15:35:29.054 * Background saving started by pid 80111
80111:C 26 May 15:35:29.065 * DB saved on disk
62206:M 26 May 15:35:29.157 * Background saving terminated with success
62206:M 26 May 15:40:30.017 * 100 changes in 300 seconds. Saving...
62206:M 26 May 15:40:30.019 * Background saving started by pid 80204
80204:C 26 May 15:40:30.049 * DB saved on disk
62206:M 26 May 15:40:30.123 * Background saving terminated with success
62206:M 26 May 15:45:31.067 * 100 changes in 300 seconds. Saving...
62206:M 26 May 15:45:31.068 * Background saving started by pid 80371
80371:C 26 May 15:45:31.081 * DB saved on disk
62206:M 26 May 15:45:31.172 * Background saving terminated with success
62206:M 26 May 15:50:32.035 * 100 changes in 300 seconds. Saving...
62206:M 26 May 15:50:32.036 * Background saving started by pid 80462
80462:C 26 May 15:50:32.059 * DB saved on disk
62206:M 26 May 15:50:32.137 * Background saving terminated with success
